TN:
SF:setUpTests.js
FN:12,(anonymous_0)
FN:13,(anonymous_1)
FN:27,(anonymous_2)
FN:29,(anonymous_3)
FN:37,(anonymous_4)
FN:37,(anonymous_5)
FN:43,(anonymous_6)
FN:48,(anonymous_7)
FN:70,(anonymous_8)
FN:93,(anonymous_9)
FN:114,(anonymous_10)
FN:138,(anonymous_11)
FN:166,(anonymous_12)
FNF:13
FNH:9
FNDA:4,(anonymous_0)
FNDA:0,(anonymous_1)
FNDA:0,(anonymous_2)
FNDA:1,(anonymous_3)
FNDA:0,(anonymous_4)
FNDA:0,(anonymous_5)
FNDA:1,(anonymous_6)
FNDA:2,(anonymous_7)
FNDA:2,(anonymous_8)
FNDA:2,(anonymous_9)
FNDA:2,(anonymous_10)
FNDA:1,(anonymous_11)
FNDA:10,(anonymous_12)
DA:1,1
DA:2,1
DA:3,1
DA:4,1
DA:5,1
DA:8,1
DA:9,1
DA:10,1
DA:11,1
DA:12,4
DA:13,0
DA:21,1
DA:22,1
DA:25,1
DA:27,0
DA:30,1
DA:35,1
DA:37,0
DA:43,1
DA:44,1
DA:48,1
DA:49,2
DA:50,2
DA:51,0
DA:54,2
DA:55,2
DA:56,1
DA:59,1
DA:70,1
DA:71,2
DA:72,2
DA:73,1
DA:77,1
DA:78,1
DA:79,0
DA:82,1
DA:93,1
DA:94,2
DA:95,2
DA:96,0
DA:99,2
DA:100,1
DA:103,1
DA:114,1
DA:115,2
DA:116,2
DA:117,1
DA:122,1
DA:127,1
DA:138,1
DA:139,1
DA:140,1
DA:141,0
DA:146,1
DA:157,1
DA:163,1
DA:166,1
DA:167,10
DA:171,1
LF:59
LH:52
BRDA:50,0,0,0
BRDA:50,0,1,2
BRDA:50,1,0,2
BRDA:50,1,1,2
BRDA:55,2,0,1
BRDA:55,2,1,1
BRDA:72,3,0,1
BRDA:72,3,1,1
BRDA:72,4,0,2
BRDA:72,4,1,1
BRDA:78,5,0,0
BRDA:78,5,1,1
BRDA:95,6,0,0
BRDA:95,6,1,2
BRDA:99,7,0,1
BRDA:99,7,1,1
BRDA:116,8,0,1
BRDA:116,8,1,1
BRDA:116,9,0,2
BRDA:116,9,1,1
BRDA:140,10,0,0
BRDA:140,10,1,1
BRF:22
BRH:18
end_of_record
